{
  "0 debug pnpm:scope": {
    "selected": 1
  },
  "1 error pnpm": {
    "errno": 1,
    "code": "ELIFECYCLE",
    "pkgid": "bin-ui-next@1.2.8",
    "stage": "dev",
    "script": "webpack server --config build/webpack.dev.js",
    "pkgname": "bin-ui-next",
    "err": {
      "name": "pnpm",
      "message": "bin-ui-next@1.2.8 dev: `webpack server --config build/webpack.dev.js`\nExit status 1",
      "code": "ELIFECYCLE",
      "stack": "pnpm: bin-ui-next@1.2.8 dev: `webpack server --config build/webpack.dev.js`\nExit status 1\n    at EventEmitter.<anonymous> (C:\\Users\\YMF\\AppData\\Roaming\\npm\\node_modules\\pnpm\\dist\\pnpm.cjs:103873:20)\n    at EventEmitter.emit (node:events:513:28)\n    at ChildProcess.<anonymous> (C:\\Users\\YMF\\AppData\\Roaming\\npm\\node_modules\\pnpm\\dist\\pnpm.cjs:91802:18)\n    at ChildProcess.emit (node:events:513:28)\n    at maybeClose (node:internal/child_process:1091:16)\n    at ChildProcess._handle.onexit (node:internal/child_process:302:5)"
    }
  },
  "2 warn pnpm:global": " Local package.json exists, but node_modules missing, did you mean to install?"
}